2024-10-01 09:55:25.651 [info] Reading sessions from keychain...
2024-10-01 09:55:25.651 [info] Getting sessions for all scopes...
2024-10-01 09:55:25.651 [info] Got 0 sessions for ...
2024-10-01 09:55:25.651 [info] Getting sessions for read:user,repo,user:email,workflow...
2024-10-01 09:55:25.651 [info] Got 0 sessions for read:user,repo,user:email,workflow...
2024-10-01 09:55:27.862 [info] Getting sessions for read:user,repo,user:email,workflow...
2024-10-01 09:55:27.862 [info] Got 0 sessions for read:user,repo,user:email,workflow...
2024-10-01 09:55:27.899 [info] Getting sessions for read:user,repo,user:email,workflow...
2024-10-01 09:55:27.899 [info] Got 0 sessions for read:user,repo,user:email,workflow...
2024-10-01 09:55:31.739 [info] Getting sessions for read:user,repo,user:email,workflow...
2024-10-01 09:55:31.739 [info] Got 0 sessions for read:user,repo,user:email,workflow...
2024-10-01 09:55:31.960 [info] Getting sessions for read:user,repo,user:email,workflow...
2024-10-01 09:55:31.960 [info] Got 0 sessions for read:user,repo,user:email,workflow...
2024-10-01 09:55:32.218 [info] Getting sessions for read:user,repo,user:email,workflow...
2024-10-01 09:55:32.218 [info] Got 0 sessions for read:user,repo,user:email,workflow...
2024-10-01 09:55:32.534 [info] Getting sessions for read:user,repo,user:email,workflow...
2024-10-01 09:55:32.534 [info] Got 0 sessions for read:user,repo,user:email,workflow...
2024-10-01 09:55:33.306 [info] Getting sessions for read:user,repo,user:email,workflow...
2024-10-01 09:55:33.306 [info] Got 0 sessions for read:user,repo,user:email,workflow...
2024-10-01 09:55:33.506 [info] Getting sessions for read:user,repo,user:email,workflow...
2024-10-01 09:55:33.506 [info] Got 0 sessions for read:user,repo,user:email,workflow...
2024-10-01 09:55:33.801 [info] Getting sessions for read:user,repo,user:email,workflow...
2024-10-01 09:55:33.801 [info] Got 0 sessions for read:user,repo,user:email,workflow...
2024-10-01 09:55:34.017 [info] Getting sessions for read:user,repo,user:email,workflow...
2024-10-01 09:55:34.017 [info] Got 0 sessions for read:user,repo,user:email,workflow...
2024-10-01 09:55:34.299 [info] Getting sessions for read:user,repo,user:email,workflow...
2024-10-01 09:55:34.299 [info] Got 0 sessions for read:user,repo,user:email,workflow...
2024-10-01 09:55:34.421 [info] Getting sessions for read:user,repo,user:email,workflow...
2024-10-01 09:55:34.421 [info] Got 0 sessions for read:user,repo,user:email,workflow...
2024-10-01 09:56:05.403 [info] Getting sessions for read:user,repo,user:email,workflow...
2024-10-01 09:56:05.403 [info] Got 0 sessions for read:user,repo,user:email,workflow...
2024-10-01 09:56:07.421 [info] Getting sessions for read:user,repo,user:email,workflow...
2024-10-01 09:56:07.421 [info] Got 0 sessions for read:user,repo,user:email,workflow...
