2024-09-29 22:55:24.311 [info] Extension host with pid 2795 started
2024-09-29 22:55:24.430 [info] ExtensionService#_doActivateExtension vscode.git-base, startup: true, activationEvent: '*', root cause: vscode.git
2024-09-29 22:55:24.459 [info] ExtensionService#_doActivateExtension vscode.git, startup: true, activationEvent: '*'
2024-09-29 22:55:24.550 [info] ExtensionService#_doActivateExtension vscode.github, startup: true, activationEvent: '*'
2024-09-29 22:55:24.672 [info] Eager extensions activated
2024-09-29 22:55:24.723 [info] ExtensionService#_doActivateExtension vscode.debug-auto-launch, startup: false, activationEvent: 'onStartupFinished'
2024-09-29 22:55:24.726 [info] ExtensionService#_doActivateExtension vscode.merge-conflict, startup: false, activationEvent: 'onStartupFinished'
2024-09-29 22:55:46.380 [info] Extension host terminating: renderer closed the MessagePort
2024-09-29 22:55:46.390 [info] Extension host with pid 2795 exiting with code 0
2024-09-29 22:55:47.516 [info] Extension host with pid 2906 started
2024-09-29 22:55:47.516 [info] Skipping acquiring lock for /home/3nigma/.config/Code - OSS/User/workspaceStorage/194fd48c6da33e39caaf2eeb629fa99b.
2024-09-29 22:55:47.635 [info] ExtensionService#_doActivateExtension vscode.git-base, startup: true, activationEvent: '*'
2024-09-29 22:55:47.707 [info] ExtensionService#_doActivateExtension vscode.github, startup: true, activationEvent: '*'
2024-09-29 22:55:47.722 [info] Eager extensions activated
2024-09-29 22:55:47.746 [info] ExtensionService#_doActivateExtension vscode.debug-auto-launch, startup: false, activationEvent: 'onStartupFinished'
2024-09-29 22:55:47.756 [info] ExtensionService#_doActivateExtension vscode.merge-conflict, startup: false, activationEvent: 'onStartupFinished'
2024-09-29 22:55:49.792 [info] ExtensionService#_doActivateExtension vscode.git, startup: false, activationEvent: 'api', root cause: vscode.github
2024-09-29 22:56:09.025 [info] ExtensionService#_doActivateExtension vscode.emmet, startup: false, activationEvent: 'onLanguage'
2024-09-29 23:48:31.704 [info] Extension host terminating: renderer closed the MessagePort
2024-09-29 23:48:31.716 [info] Extension host with pid 2906 exiting with code 0
