2024-10-01 22:54:06.591 [info] [main] Log level: Info
2024-10-01 22:54:06.591 [info] [main] Validating found git in: "git"
2024-10-01 22:54:06.591 [info] [main] Using git "2.46.2" from "git"
2024-10-01 22:54:06.591 [info] [Model][doInitialScan] Initial repository scan started
2024-10-01 22:54:06.591 [info] > git rev-parse --show-toplevel [6ms]
2024-10-01 22:54:06.591 [info] fatal: not a git repository (or any parent up to mount point /)
Stopping at filesystem boundary (GIT_DISCOVERY_ACROSS_FILESYSTEM not set).
2024-10-01 22:54:06.591 [info] > git rev-parse --show-toplevel [5ms]
2024-10-01 22:54:06.591 [info] fatal: not a git repository (or any parent up to mount point /)
Stopping at filesystem boundary (GIT_DISCOVERY_ACROSS_FILESYSTEM not set).
2024-10-01 22:54:06.599 [info] > git rev-parse --show-toplevel [3ms]
2024-10-01 22:54:06.600 [info] fatal: not a git repository (or any parent up to mount point /)
Stopping at filesystem boundary (GIT_DISCOVERY_ACROSS_FILESYSTEM not set).
2024-10-01 22:54:06.619 [info] > git rev-parse --show-toplevel [1ms]
2024-10-01 22:54:06.619 [info] fatal: not a git repository (or any parent up to mount point /)
Stopping at filesystem boundary (GIT_DISCOVERY_ACROSS_FILESYSTEM not set).
2024-10-01 22:54:06.625 [info] > git rev-parse --show-toplevel [2ms]
2024-10-01 22:54:06.625 [info] fatal: not a git repository (or any parent up to mount point /)
Stopping at filesystem boundary (GIT_DISCOVERY_ACROSS_FILESYSTEM not set).
2024-10-01 22:54:06.632 [info] > git rev-parse --show-toplevel [1ms]
2024-10-01 22:54:06.632 [info] fatal: not a git repository (or any parent up to mount point /)
Stopping at filesystem boundary (GIT_DISCOVERY_ACROSS_FILESYSTEM not set).
2024-10-01 22:54:06.645 [info] > git rev-parse --show-toplevel [9ms]
2024-10-01 22:54:06.645 [info] fatal: not a git repository (or any parent up to mount point /)
Stopping at filesystem boundary (GIT_DISCOVERY_ACROSS_FILESYSTEM not set).
2024-10-01 22:54:06.651 [info] > git rev-parse --show-toplevel [1ms]
2024-10-01 22:54:06.651 [info] fatal: not a git repository (or any parent up to mount point /)
Stopping at filesystem boundary (GIT_DISCOVERY_ACROSS_FILESYSTEM not set).
2024-10-01 22:54:06.657 [info] > git rev-parse --show-toplevel [1ms]
2024-10-01 22:54:06.657 [info] fatal: not a git repository (or any parent up to mount point /)
Stopping at filesystem boundary (GIT_DISCOVERY_ACROSS_FILESYSTEM not set).
2024-10-01 22:54:06.662 [info] > git rev-parse --show-toplevel [2ms]
2024-10-01 22:54:06.662 [info] fatal: not a git repository (or any parent up to mount point /)
Stopping at filesystem boundary (GIT_DISCOVERY_ACROSS_FILESYSTEM not set).
2024-10-01 22:54:06.668 [info] > git rev-parse --show-toplevel [2ms]
2024-10-01 22:54:06.668 [info] fatal: not a git repository (or any parent up to mount point /)
Stopping at filesystem boundary (GIT_DISCOVERY_ACROSS_FILESYSTEM not set).
2024-10-01 22:54:06.675 [info] > git rev-parse --show-toplevel [2ms]
2024-10-01 22:54:06.675 [info] fatal: not a git repository (or any parent up to mount point /)
Stopping at filesystem boundary (GIT_DISCOVERY_ACROSS_FILESYSTEM not set).
2024-10-01 22:54:06.682 [info] > git rev-parse --show-toplevel [2ms]
2024-10-01 22:54:06.682 [info] fatal: not a git repository (or any parent up to mount point /)
Stopping at filesystem boundary (GIT_DISCOVERY_ACROSS_FILESYSTEM not set).
2024-10-01 22:54:06.688 [info] > git rev-parse --show-toplevel [1ms]
2024-10-01 22:54:06.688 [info] fatal: not a git repository (or any parent up to mount point /)
Stopping at filesystem boundary (GIT_DISCOVERY_ACROSS_FILESYSTEM not set).
2024-10-01 22:54:06.688 [info] [Model][doInitialScan] Initial repository scan completed - repositories (0), closed repositories (0), parent repositories (0), unsafe repositories (0)
2024-10-01 22:54:07.365 [info] > git rev-parse --show-toplevel [1ms]
2024-10-01 22:54:07.365 [info] fatal: not a git repository (or any parent up to mount point /)
Stopping at filesystem boundary (GIT_DISCOVERY_ACROSS_FILESYSTEM not set).
2024-10-01 22:54:13.098 [info] > git rev-parse --show-toplevel [1ms]
2024-10-01 22:54:13.098 [info] fatal: not a git repository (or any parent up to mount point /)
Stopping at filesystem boundary (GIT_DISCOVERY_ACROSS_FILESYSTEM not set).
2024-10-01 23:13:53.343 [info] > git rev-parse --show-toplevel [1ms]
2024-10-01 23:13:53.343 [info] fatal: not a git repository (or any parent up to mount point /)
Stopping at filesystem boundary (GIT_DISCOVERY_ACROSS_FILESYSTEM not set).
2024-10-01 23:14:30.497 [info] > git rev-parse --show-toplevel [2ms]
2024-10-01 23:14:30.497 [info] fatal: not a git repository (or any parent up to mount point /)
Stopping at filesystem boundary (GIT_DISCOVERY_ACROSS_FILESYSTEM not set).
2024-10-01 23:14:32.141 [info] > git rev-parse --show-toplevel [1ms]
2024-10-01 23:14:32.141 [info] fatal: not a git repository (or any parent up to mount point /)
Stopping at filesystem boundary (GIT_DISCOVERY_ACROSS_FILESYSTEM not set).
2024-10-01 23:14:55.783 [info] > git rev-parse --show-toplevel [2ms]
2024-10-01 23:14:55.783 [info] fatal: not a git repository (or any parent up to mount point /)
Stopping at filesystem boundary (GIT_DISCOVERY_ACROSS_FILESYSTEM not set).
2024-10-01 23:22:00.614 [info] > git rev-parse --show-toplevel [1ms]
2024-10-01 23:22:00.614 [info] fatal: not a git repository (or any parent up to mount point /)
Stopping at filesystem boundary (GIT_DISCOVERY_ACROSS_FILESYSTEM not set).
2024-10-01 23:22:42.094 [info] > git rev-parse --show-toplevel [2ms]
2024-10-01 23:22:42.094 [info] fatal: not a git repository (or any parent up to mount point /)
Stopping at filesystem boundary (GIT_DISCOVERY_ACROSS_FILESYSTEM not set).
2024-10-01 23:22:43.116 [info] > git rev-parse --show-toplevel [2ms]
2024-10-01 23:22:43.116 [info] fatal: not a git repository (or any parent up to mount point /)
Stopping at filesystem boundary (GIT_DISCOVERY_ACROSS_FILESYSTEM not set).
2024-10-01 23:22:44.264 [info] > git rev-parse --show-toplevel [3ms]
2024-10-01 23:22:44.264 [info] fatal: not a git repository (or any parent up to mount point /)
Stopping at filesystem boundary (GIT_DISCOVERY_ACROSS_FILESYSTEM not set).
2024-10-01 23:22:45.319 [info] > git rev-parse --show-toplevel [2ms]
2024-10-01 23:22:45.319 [info] fatal: not a git repository (or any parent up to mount point /)
Stopping at filesystem boundary (GIT_DISCOVERY_ACROSS_FILESYSTEM not set).
2024-10-01 23:22:46.090 [info] > git rev-parse --show-toplevel [2ms]
2024-10-01 23:22:46.091 [info] fatal: not a git repository (or any parent up to mount point /)
Stopping at filesystem boundary (GIT_DISCOVERY_ACROSS_FILESYSTEM not set).
2024-10-01 23:24:50.110 [info] > git rev-parse --show-toplevel [2ms]
2024-10-01 23:24:50.110 [info] fatal: not a git repository (or any parent up to mount point /)
Stopping at filesystem boundary (GIT_DISCOVERY_ACROSS_FILESYSTEM not set).
2024-10-01 23:24:51.423 [info] > git rev-parse --show-toplevel [2ms]
2024-10-01 23:24:51.423 [info] fatal: not a git repository (or any parent up to mount point /)
Stopping at filesystem boundary (GIT_DISCOVERY_ACROSS_FILESYSTEM not set).
2024-10-01 23:24:52.977 [info] > git rev-parse --show-toplevel [2ms]
2024-10-01 23:24:52.977 [info] fatal: not a git repository (or any parent up to mount point /)
Stopping at filesystem boundary (GIT_DISCOVERY_ACROSS_FILESYSTEM not set).
2024-10-01 23:25:25.558 [info] > git rev-parse --show-toplevel [2ms]
2024-10-01 23:25:25.558 [info] fatal: not a git repository (or any parent up to mount point /)
Stopping at filesystem boundary (GIT_DISCOVERY_ACROSS_FILESYSTEM not set).
2024-10-01 23:25:26.235 [info] > git rev-parse --show-toplevel [2ms]
2024-10-01 23:25:26.235 [info] fatal: not a git repository (or any parent up to mount point /)
Stopping at filesystem boundary (GIT_DISCOVERY_ACROSS_FILESYSTEM not set).
