2024-09-29 22:55:24.692 [info] [main] Log level: Info
2024-09-29 22:55:24.692 [info] [main] Validating found git in: "git"
2024-09-29 22:55:24.692 [info] [main] Using git "2.46.2" from "git"
2024-09-29 22:55:24.692 [info] [Model][doInitialScan] Initial repository scan started
2024-09-29 22:55:24.692 [info] [Model][doInitialScan] Initial repository scan completed - repositories (0), closed repositories (0), parent repositories (0), unsafe repositories (0)
2024-09-29 22:55:49.882 [info] [main] Log level: Info
2024-09-29 22:55:49.882 [info] [main] Validating found git in: "git"
2024-09-29 22:55:49.882 [info] [main] Using git "2.46.2" from "git"
2024-09-29 22:55:49.882 [info] [Model][doInitialScan] Initial repository scan started
2024-09-29 22:55:49.882 [info] > git rev-parse --show-toplevel [7ms]
2024-09-29 22:55:49.882 [info] fatal: not a git repository (or any parent up to mount point /)
Stopping at filesystem boundary (GIT_DISCOVERY_ACROSS_FILESYSTEM not set).
2024-09-29 22:55:49.892 [info] > git rev-parse --show-toplevel [5ms]
2024-09-29 22:55:49.892 [info] fatal: not a git repository (or any parent up to mount point /)
Stopping at filesystem boundary (GIT_DISCOVERY_ACROSS_FILESYSTEM not set).
2024-09-29 22:55:49.897 [info] > git rev-parse --show-toplevel [1ms]
2024-09-29 22:55:49.897 [info] fatal: not a git repository (or any parent up to mount point /)
Stopping at filesystem boundary (GIT_DISCOVERY_ACROSS_FILESYSTEM not set).
2024-09-29 22:55:49.902 [info] > git rev-parse --show-toplevel [1ms]
2024-09-29 22:55:49.903 [info] fatal: not a git repository (or any parent up to mount point /)
Stopping at filesystem boundary (GIT_DISCOVERY_ACROSS_FILESYSTEM not set).
2024-09-29 22:55:49.907 [info] > git rev-parse --show-toplevel [1ms]
2024-09-29 22:55:49.907 [info] fatal: not a git repository (or any parent up to mount point /)
Stopping at filesystem boundary (GIT_DISCOVERY_ACROSS_FILESYSTEM not set).
2024-09-29 22:55:49.911 [info] > git rev-parse --show-toplevel [1ms]
2024-09-29 22:55:49.911 [info] fatal: not a git repository (or any parent up to mount point /)
Stopping at filesystem boundary (GIT_DISCOVERY_ACROSS_FILESYSTEM not set).
2024-09-29 22:55:49.915 [info] > git rev-parse --show-toplevel [1ms]
2024-09-29 22:55:49.915 [info] fatal: not a git repository (or any parent up to mount point /)
Stopping at filesystem boundary (GIT_DISCOVERY_ACROSS_FILESYSTEM not set).
2024-09-29 22:55:49.921 [info] > git rev-parse --show-toplevel [2ms]
2024-09-29 22:55:49.921 [info] fatal: not a git repository (or any parent up to mount point /)
Stopping at filesystem boundary (GIT_DISCOVERY_ACROSS_FILESYSTEM not set).
2024-09-29 22:55:49.921 [info] [Model][doInitialScan] Initial repository scan completed - repositories (0), closed repositories (0), parent repositories (0), unsafe repositories (0)
2024-09-29 22:56:09.065 [info] > git rev-parse --show-toplevel [1ms]
2024-09-29 22:56:09.065 [info] fatal: not a git repository (or any parent up to mount point /)
Stopping at filesystem boundary (GIT_DISCOVERY_ACROSS_FILESYSTEM not set).
2024-09-29 22:56:28.857 [info] > git rev-parse --show-toplevel [2ms]
2024-09-29 22:56:28.857 [info] fatal: not a git repository (or any parent up to mount point /)
Stopping at filesystem boundary (GIT_DISCOVERY_ACROSS_FILESYSTEM not set).
2024-09-29 23:09:21.618 [info] > git rev-parse --show-toplevel [1ms]
2024-09-29 23:09:21.618 [info] fatal: not a git repository (or any parent up to mount point /)
Stopping at filesystem boundary (GIT_DISCOVERY_ACROSS_FILESYSTEM not set).
2024-09-29 23:09:44.818 [info] > git rev-parse --show-toplevel [1ms]
2024-09-29 23:09:44.818 [info] fatal: not a git repository (or any parent up to mount point /)
Stopping at filesystem boundary (GIT_DISCOVERY_ACROSS_FILESYSTEM not set).
2024-09-29 23:13:48.448 [info] > git rev-parse --show-toplevel [2ms]
2024-09-29 23:13:48.448 [info] fatal: not a git repository (or any parent up to mount point /)
Stopping at filesystem boundary (GIT_DISCOVERY_ACROSS_FILESYSTEM not set).
2024-09-29 23:14:59.259 [info] > git rev-parse --show-toplevel [2ms]
2024-09-29 23:14:59.259 [info] fatal: not a git repository (or any parent up to mount point /)
Stopping at filesystem boundary (GIT_DISCOVERY_ACROSS_FILESYSTEM not set).
2024-09-29 23:15:00.674 [info] > git rev-parse --show-toplevel [2ms]
2024-09-29 23:15:00.674 [info] fatal: not a git repository (or any parent up to mount point /)
Stopping at filesystem boundary (GIT_DISCOVERY_ACROSS_FILESYSTEM not set).
2024-09-29 23:23:58.437 [info] > git rev-parse --show-toplevel [1ms]
2024-09-29 23:23:58.437 [info] fatal: not a git repository (or any parent up to mount point /)
Stopping at filesystem boundary (GIT_DISCOVERY_ACROSS_FILESYSTEM not set).
