2024-09-30 20:16:14.305 [info] Added views:workbench.panel.markers.view in workbench.panel.markers
2024-09-30 20:16:14.305 [info] Added views:workbench.panel.output in workbench.panel.output
2024-09-30 20:16:14.305 [info] Added views:terminal in terminal
2024-09-30 20:16:14.305 [info] Added views:outline in workbench.view.explorer
2024-09-30 20:16:14.305 [info] Added views:workbench.scm in workbench.view.scm
2024-09-30 20:16:14.305 [info] Added views:workbench.view.search in workbench.view.search
2024-09-30 20:16:14.305 [info] Added views:timeline in workbench.view.explorer
2024-09-30 20:16:14.305 [info] Added views:workbench.explorer.fileView in workbench.view.explorer
2024-09-30 20:16:14.583 [info] Added views:workbench.debug.welcome in workbench.view.debug
2024-09-30 20:16:15.412 [info] Added views:workbench.panel.repl.view in workbench.panel.repl
2024-09-30 20:16:15.906 [info] Added views:~remote.forwardedPorts in ~remote.forwardedPortsContainer
2024-09-30 20:17:46.438 [info] Added views:workbench.panel.markers.view in workbench.panel.markers
2024-09-30 20:17:46.438 [info] Added views:workbench.panel.output in workbench.panel.output
2024-09-30 20:17:46.438 [info] Added views:terminal in terminal
2024-09-30 20:17:46.438 [info] Added views:outline in workbench.view.explorer
2024-09-30 20:17:46.438 [info] Added views:workbench.scm in workbench.view.scm
2024-09-30 20:17:46.438 [info] Added views:workbench.view.search in workbench.view.search
2024-09-30 20:17:46.438 [info] Added views:timeline in workbench.view.explorer
2024-09-30 20:17:46.438 [info] Added views:workbench.explorer.fileView in workbench.view.explorer
2024-09-30 20:17:46.968 [info] Added views:workbench.debug.variablesView,workbench.debug.watchExpressionsView,workbench.debug.callStackView,workbench.debug.breakPointsView in workbench.view.debug
2024-09-30 20:17:46.986 [info] Added views:workbench.panel.repl.view in workbench.panel.repl
2024-09-30 20:17:46.987 [info] Removed views:workbench.debug.breakPointsView,workbench.debug.callStackView,workbench.debug.watchExpressionsView,workbench.debug.variablesView from workbench.view.debug
2024-09-30 20:17:46.988 [info] Added views:workbench.debug.welcome in workbench.view.debug
2024-09-30 20:17:47.191 [info] Added views:~remote.forwardedPorts in ~remote.forwardedPortsContainer
2024-09-30 20:18:57.569 [info] Added views:workbench.panel.markers.view in workbench.panel.markers
2024-09-30 20:18:57.570 [info] Added views:workbench.panel.output in workbench.panel.output
2024-09-30 20:18:57.570 [info] Added views:terminal in terminal
2024-09-30 20:18:57.570 [info] Added views:outline in workbench.view.explorer
2024-09-30 20:18:57.570 [info] Added views:workbench.scm in workbench.view.scm
2024-09-30 20:18:57.570 [info] Added views:workbench.view.search in workbench.view.search
2024-09-30 20:18:57.570 [info] Added views:timeline in workbench.view.explorer
2024-09-30 20:18:57.570 [info] Added views:workbench.explorer.fileView in workbench.view.explorer
2024-09-30 20:18:57.692 [info] Added views:workbench.debug.welcome in workbench.view.debug
2024-09-30 20:18:58.392 [info] Added views:workbench.panel.repl.view in workbench.panel.repl
2024-09-30 20:18:58.757 [info] Added views:~remote.forwardedPorts in ~remote.forwardedPortsContainer
2024-09-30 21:50:06.899 [info] Added views:workbench.panel.markers.view in workbench.panel.markers
2024-09-30 21:50:06.899 [info] Added views:workbench.panel.output in workbench.panel.output
2024-09-30 21:50:06.899 [info] Added views:terminal in terminal
2024-09-30 21:50:06.899 [info] Added views:outline in workbench.view.explorer
2024-09-30 21:50:06.899 [info] Added views:workbench.scm in workbench.view.scm
2024-09-30 21:50:06.899 [info] Added views:workbench.view.search in workbench.view.search
2024-09-30 21:50:06.899 [info] Added views:timeline in workbench.view.explorer
2024-09-30 21:50:06.899 [info] Added views:workbench.explorer.fileView in workbench.view.explorer
2024-09-30 21:50:07.494 [info] Added views:workbench.debug.variablesView,workbench.debug.watchExpressionsView,workbench.debug.callStackView,workbench.debug.breakPointsView in workbench.view.debug
2024-09-30 21:50:07.517 [info] Added views:workbench.panel.repl.view in workbench.panel.repl
2024-09-30 21:50:07.519 [info] Removed views:workbench.debug.breakPointsView,workbench.debug.callStackView,workbench.debug.watchExpressionsView,workbench.debug.variablesView from workbench.view.debug
2024-09-30 21:50:07.520 [info] Added views:workbench.debug.welcome in workbench.view.debug
2024-09-30 21:50:07.726 [info] Added views:~remote.forwardedPorts in ~remote.forwardedPortsContainer
