2024-09-30 17:04:21.322 [info] [main] Log level: Info
2024-09-30 17:04:21.322 [info] [main] Validating found git in: "git"
2024-09-30 17:04:21.365 [info] [main] Using git "2.46.2" from "git"
2024-09-30 17:04:21.365 [info] [Model][doInitialScan] Initial repository scan started
2024-09-30 17:04:21.385 [info] > git rev-parse --show-toplevel [4ms]
2024-09-30 17:04:21.385 [info] fatal: not a git repository (or any parent up to mount point /)
Stopping at filesystem boundary (GIT_DISCOVERY_ACROSS_FILESYSTEM not set).
2024-09-30 17:04:21.390 [info] > git rev-parse --show-toplevel [1ms]
2024-09-30 17:04:21.390 [info] fatal: not a git repository (or any parent up to mount point /)
Stopping at filesystem boundary (GIT_DISCOVERY_ACROSS_FILESYSTEM not set).
2024-09-30 17:04:21.395 [info] > git rev-parse --show-toplevel [1ms]
2024-09-30 17:04:21.395 [info] fatal: not a git repository (or any parent up to mount point /)
Stopping at filesystem boundary (GIT_DISCOVERY_ACROSS_FILESYSTEM not set).
2024-09-30 17:04:21.400 [info] > git rev-parse --show-toplevel [1ms]
2024-09-30 17:04:21.400 [info] fatal: not a git repository (or any parent up to mount point /)
Stopping at filesystem boundary (GIT_DISCOVERY_ACROSS_FILESYSTEM not set).
2024-09-30 17:04:21.404 [info] > git rev-parse --show-toplevel [1ms]
2024-09-30 17:04:21.404 [info] fatal: not a git repository (or any parent up to mount point /)
Stopping at filesystem boundary (GIT_DISCOVERY_ACROSS_FILESYSTEM not set).
2024-09-30 17:04:21.409 [info] > git rev-parse --show-toplevel [2ms]
2024-09-30 17:04:21.409 [info] fatal: not a git repository (or any parent up to mount point /)
Stopping at filesystem boundary (GIT_DISCOVERY_ACROSS_FILESYSTEM not set).
2024-09-30 17:04:21.414 [info] > git rev-parse --show-toplevel [1ms]
2024-09-30 17:04:21.414 [info] fatal: not a git repository (or any parent up to mount point /)
Stopping at filesystem boundary (GIT_DISCOVERY_ACROSS_FILESYSTEM not set).
2024-09-30 17:04:21.418 [info] > git rev-parse --show-toplevel [1ms]
2024-09-30 17:04:21.418 [info] fatal: not a git repository (or any parent up to mount point /)
Stopping at filesystem boundary (GIT_DISCOVERY_ACROSS_FILESYSTEM not set).
2024-09-30 17:04:21.423 [info] > git rev-parse --show-toplevel [2ms]
2024-09-30 17:04:21.423 [info] fatal: not a git repository (or any parent up to mount point /)
Stopping at filesystem boundary (GIT_DISCOVERY_ACROSS_FILESYSTEM not set).
2024-09-30 17:04:21.432 [info] > git rev-parse --show-toplevel [6ms]
2024-09-30 17:04:21.432 [info] fatal: not a git repository (or any parent up to mount point /)
Stopping at filesystem boundary (GIT_DISCOVERY_ACROSS_FILESYSTEM not set).
2024-09-30 17:04:21.437 [info] > git rev-parse --show-toplevel [1ms]
2024-09-30 17:04:21.437 [info] fatal: not a git repository (or any parent up to mount point /)
Stopping at filesystem boundary (GIT_DISCOVERY_ACROSS_FILESYSTEM not set).
2024-09-30 17:04:21.445 [info] > git rev-parse --show-toplevel [2ms]
2024-09-30 17:04:21.445 [info] fatal: not a git repository (or any parent up to mount point /)
Stopping at filesystem boundary (GIT_DISCOVERY_ACROSS_FILESYSTEM not set).
2024-09-30 17:04:21.452 [info] > git rev-parse --show-toplevel [2ms]
2024-09-30 17:04:21.452 [info] fatal: not a git repository (or any parent up to mount point /)
Stopping at filesystem boundary (GIT_DISCOVERY_ACROSS_FILESYSTEM not set).
2024-09-30 17:04:21.462 [info] > git rev-parse --show-toplevel [3ms]
2024-09-30 17:04:21.462 [info] fatal: not a git repository (or any parent up to mount point /)
Stopping at filesystem boundary (GIT_DISCOVERY_ACROSS_FILESYSTEM not set).
2024-09-30 17:04:21.463 [info] [Model][doInitialScan] Initial repository scan completed - repositories (0), closed repositories (0), parent repositories (0), unsafe repositories (0)
2024-09-30 17:04:22.861 [info] > git rev-parse --show-toplevel [1ms]
2024-09-30 17:04:22.861 [info] fatal: not a git repository (or any parent up to mount point /)
Stopping at filesystem boundary (GIT_DISCOVERY_ACROSS_FILESYSTEM not set).
2024-09-30 17:06:58.285 [info] > git rev-parse --show-toplevel [1ms]
2024-09-30 17:06:58.285 [info] fatal: not a git repository (or any parent up to mount point /)
Stopping at filesystem boundary (GIT_DISCOVERY_ACROSS_FILESYSTEM not set).
2024-09-30 17:14:09.565 [info] > git rev-parse --show-toplevel [2ms]
2024-09-30 17:14:09.565 [info] fatal: not a git repository (or any parent up to mount point /)
Stopping at filesystem boundary (GIT_DISCOVERY_ACROSS_FILESYSTEM not set).
2024-09-30 17:22:57.905 [info] > git rev-parse --show-toplevel [1ms]
2024-09-30 17:22:57.905 [info] fatal: not a git repository (or any parent up to mount point /)
Stopping at filesystem boundary (GIT_DISCOVERY_ACROSS_FILESYSTEM not set).
2024-09-30 17:22:59.648 [info] > git rev-parse --show-toplevel [1ms]
2024-09-30 17:22:59.648 [info] fatal: not a git repository (or any parent up to mount point /)
Stopping at filesystem boundary (GIT_DISCOVERY_ACROSS_FILESYSTEM not set).
2024-09-30 17:23:01.982 [info] > git rev-parse --show-toplevel [2ms]
2024-09-30 17:23:01.982 [info] fatal: not a git repository (or any parent up to mount point /)
Stopping at filesystem boundary (GIT_DISCOVERY_ACROSS_FILESYSTEM not set).
2024-09-30 17:24:51.506 [info] > git rev-parse --show-toplevel [1ms]
2024-09-30 17:24:51.506 [info] fatal: not a git repository (or any parent up to mount point /)
Stopping at filesystem boundary (GIT_DISCOVERY_ACROSS_FILESYSTEM not set).
2024-09-30 17:25:00.070 [info] > git rev-parse --show-toplevel [2ms]
2024-09-30 17:25:00.070 [info] fatal: not a git repository (or any parent up to mount point /)
Stopping at filesystem boundary (GIT_DISCOVERY_ACROSS_FILESYSTEM not set).
2024-09-30 17:43:34.577 [info] > git rev-parse --show-toplevel [2ms]
2024-09-30 17:43:34.577 [info] fatal: not a git repository (or any parent up to mount point /)
Stopping at filesystem boundary (GIT_DISCOVERY_ACROSS_FILESYSTEM not set).
2024-09-30 17:45:25.126 [info] > git rev-parse --show-toplevel [1ms]
2024-09-30 17:45:25.126 [info] fatal: not a git repository (or any parent up to mount point /)
Stopping at filesystem boundary (GIT_DISCOVERY_ACROSS_FILESYSTEM not set).
2024-09-30 17:46:21.622 [info] > git rev-parse --show-toplevel [2ms]
2024-09-30 17:46:21.622 [info] fatal: not a git repository (or any parent up to mount point /)
Stopping at filesystem boundary (GIT_DISCOVERY_ACROSS_FILESYSTEM not set).
2024-09-30 17:46:26.364 [info] > git rev-parse --show-toplevel [2ms]
2024-09-30 17:46:26.364 [info] fatal: not a git repository (or any parent up to mount point /)
Stopping at filesystem boundary (GIT_DISCOVERY_ACROSS_FILESYSTEM not set).
2024-09-30 17:46:27.263 [info] > git rev-parse --show-toplevel [2ms]
2024-09-30 17:46:27.263 [info] fatal: not a git repository (or any parent up to mount point /)
Stopping at filesystem boundary (GIT_DISCOVERY_ACROSS_FILESYSTEM not set).
2024-09-30 17:46:28.268 [info] > git rev-parse --show-toplevel [1ms]
2024-09-30 17:46:28.268 [info] fatal: not a git repository (or any parent up to mount point /)
Stopping at filesystem boundary (GIT_DISCOVERY_ACROSS_FILESYSTEM not set).
2024-09-30 17:48:43.948 [info] > git rev-parse --show-toplevel [2ms]
2024-09-30 17:48:43.948 [info] fatal: not a git repository (or any parent up to mount point /)
Stopping at filesystem boundary (GIT_DISCOVERY_ACROSS_FILESYSTEM not set).
2024-09-30 17:56:54.473 [info] > git rev-parse --show-toplevel [1ms]
2024-09-30 17:56:54.473 [info] fatal: not a git repository (or any parent up to mount point /)
Stopping at filesystem boundary (GIT_DISCOVERY_ACROSS_FILESYSTEM not set).
2024-09-30 17:57:01.109 [info] > git rev-parse --show-toplevel [1ms]
2024-09-30 17:57:01.109 [info] fatal: not a git repository (or any parent up to mount point /)
Stopping at filesystem boundary (GIT_DISCOVERY_ACROSS_FILESYSTEM not set).
2024-09-30 17:59:30.709 [info] > git rev-parse --show-toplevel [1ms]
2024-09-30 17:59:30.709 [info] fatal: not a git repository (or any parent up to mount point /)
Stopping at filesystem boundary (GIT_DISCOVERY_ACROSS_FILESYSTEM not set).
2024-09-30 18:00:08.537 [info] > git rev-parse --show-toplevel [1ms]
2024-09-30 18:00:08.537 [info] fatal: not a git repository (or any parent up to mount point /)
Stopping at filesystem boundary (GIT_DISCOVERY_ACROSS_FILESYSTEM not set).
2024-09-30 18:00:22.065 [info] > git rev-parse --show-toplevel [2ms]
2024-09-30 18:00:22.065 [info] fatal: not a git repository (or any parent up to mount point /)
Stopping at filesystem boundary (GIT_DISCOVERY_ACROSS_FILESYSTEM not set).
2024-09-30 18:00:43.633 [info] > git rev-parse --show-toplevel [1ms]
2024-09-30 18:00:43.633 [info] fatal: not a git repository (or any parent up to mount point /)
Stopping at filesystem boundary (GIT_DISCOVERY_ACROSS_FILESYSTEM not set).
2024-09-30 18:02:08.848 [info] > git rev-parse --show-toplevel [1ms]
2024-09-30 18:02:08.848 [info] fatal: not a git repository (or any parent up to mount point /)
Stopping at filesystem boundary (GIT_DISCOVERY_ACROSS_FILESYSTEM not set).
2024-09-30 18:02:10.324 [info] > git rev-parse --show-toplevel [2ms]
2024-09-30 18:02:10.324 [info] fatal: not a git repository (or any parent up to mount point /)
Stopping at filesystem boundary (GIT_DISCOVERY_ACROSS_FILESYSTEM not set).
2024-09-30 18:17:15.139 [info] > git rev-parse --show-toplevel [2ms]
2024-09-30 18:17:15.139 [info] fatal: not a git repository (or any parent up to mount point /)
Stopping at filesystem boundary (GIT_DISCOVERY_ACROSS_FILESYSTEM not set).
2024-09-30 18:17:35.548 [info] > git rev-parse --show-toplevel [1ms]
2024-09-30 18:17:35.548 [info] fatal: not a git repository (or any parent up to mount point /)
Stopping at filesystem boundary (GIT_DISCOVERY_ACROSS_FILESYSTEM not set).
2024-09-30 18:19:27.316 [info] > git rev-parse --show-toplevel [1ms]
2024-09-30 18:19:27.316 [info] fatal: not a git repository (or any parent up to mount point /)
Stopping at filesystem boundary (GIT_DISCOVERY_ACROSS_FILESYSTEM not set).
2024-09-30 18:20:20.105 [info] > git rev-parse --show-toplevel [1ms]
2024-09-30 18:20:20.105 [info] fatal: not a git repository (or any parent up to mount point /)
Stopping at filesystem boundary (GIT_DISCOVERY_ACROSS_FILESYSTEM not set).
2024-09-30 18:20:23.991 [info] > git rev-parse --show-toplevel [2ms]
2024-09-30 18:20:23.991 [info] fatal: not a git repository (or any parent up to mount point /)
Stopping at filesystem boundary (GIT_DISCOVERY_ACROSS_FILESYSTEM not set).
2024-09-30 18:20:38.277 [info] > git rev-parse --show-toplevel [2ms]
2024-09-30 18:20:38.277 [info] fatal: not a git repository (or any parent up to mount point /)
Stopping at filesystem boundary (GIT_DISCOVERY_ACROSS_FILESYSTEM not set).
2024-09-30 18:20:39.465 [info] > git rev-parse --show-toplevel [2ms]
2024-09-30 18:20:39.465 [info] fatal: not a git repository (or any parent up to mount point /)
Stopping at filesystem boundary (GIT_DISCOVERY_ACROSS_FILESYSTEM not set).
2024-09-30 18:20:40.364 [info] > git rev-parse --show-toplevel [2ms]
2024-09-30 18:20:40.364 [info] fatal: not a git repository (or any parent up to mount point /)
Stopping at filesystem boundary (GIT_DISCOVERY_ACROSS_FILESYSTEM not set).
2024-09-30 18:20:43.261 [info] > git rev-parse --show-toplevel [2ms]
2024-09-30 18:20:43.261 [info] fatal: not a git repository (or any parent up to mount point /)
Stopping at filesystem boundary (GIT_DISCOVERY_ACROSS_FILESYSTEM not set).
2024-09-30 18:20:48.820 [info] > git rev-parse --show-toplevel [2ms]
2024-09-30 18:20:48.820 [info] fatal: not a git repository (or any parent up to mount point /)
Stopping at filesystem boundary (GIT_DISCOVERY_ACROSS_FILESYSTEM not set).
2024-09-30 18:21:18.820 [info] > git rev-parse --show-toplevel [1ms]
2024-09-30 18:21:18.820 [info] fatal: not a git repository (or any parent up to mount point /)
Stopping at filesystem boundary (GIT_DISCOVERY_ACROSS_FILESYSTEM not set).
2024-09-30 18:21:41.454 [info] > git rev-parse --show-toplevel [2ms]
2024-09-30 18:21:41.454 [info] fatal: not a git repository (or any parent up to mount point /)
Stopping at filesystem boundary (GIT_DISCOVERY_ACROSS_FILESYSTEM not set).
2024-09-30 18:22:40.920 [info] > git rev-parse --show-toplevel [1ms]
2024-09-30 18:22:40.920 [info] fatal: not a git repository (or any parent up to mount point /)
Stopping at filesystem boundary (GIT_DISCOVERY_ACROSS_FILESYSTEM not set).
2024-09-30 18:24:55.289 [info] > git rev-parse --show-toplevel [1ms]
2024-09-30 18:24:55.289 [info] fatal: not a git repository (or any parent up to mount point /)
Stopping at filesystem boundary (GIT_DISCOVERY_ACROSS_FILESYSTEM not set).
2024-09-30 18:25:03.902 [info] > git rev-parse --show-toplevel [1ms]
2024-09-30 18:25:03.903 [info] fatal: not a git repository (or any parent up to mount point /)
Stopping at filesystem boundary (GIT_DISCOVERY_ACROSS_FILESYSTEM not set).
2024-09-30 18:27:00.942 [info] > git rev-parse --show-toplevel [3ms]
2024-09-30 18:27:00.942 [info] fatal: not a git repository (or any parent up to mount point /)
Stopping at filesystem boundary (GIT_DISCOVERY_ACROSS_FILESYSTEM not set).
2024-09-30 18:27:50.551 [info] > git rev-parse --show-toplevel [2ms]
2024-09-30 18:27:50.551 [info] fatal: not a git repository (or any parent up to mount point /)
Stopping at filesystem boundary (GIT_DISCOVERY_ACROSS_FILESYSTEM not set).
2024-09-30 18:28:20.266 [info] > git rev-parse --show-toplevel [2ms]
2024-09-30 18:28:20.266 [info] fatal: not a git repository (or any parent up to mount point /)
Stopping at filesystem boundary (GIT_DISCOVERY_ACROSS_FILESYSTEM not set).
2024-09-30 18:28:23.385 [info] > git rev-parse --show-toplevel [2ms]
2024-09-30 18:28:23.385 [info] fatal: not a git repository (or any parent up to mount point /)
Stopping at filesystem boundary (GIT_DISCOVERY_ACROSS_FILESYSTEM not set).
2024-09-30 18:28:25.527 [info] > git rev-parse --show-toplevel [2ms]
2024-09-30 18:28:25.527 [info] fatal: not a git repository (or any parent up to mount point /)
Stopping at filesystem boundary (GIT_DISCOVERY_ACROSS_FILESYSTEM not set).
2024-09-30 18:28:26.075 [info] > git rev-parse --show-toplevel [2ms]
2024-09-30 18:28:26.076 [info] fatal: not a git repository (or any parent up to mount point /)
Stopping at filesystem boundary (GIT_DISCOVERY_ACROSS_FILESYSTEM not set).
2024-09-30 18:28:30.669 [info] > git rev-parse --show-toplevel [2ms]
2024-09-30 18:28:30.669 [info] fatal: not a git repository (or any parent up to mount point /)
Stopping at filesystem boundary (GIT_DISCOVERY_ACROSS_FILESYSTEM not set).
2024-09-30 18:32:23.012 [info] > git rev-parse --show-toplevel [2ms]
2024-09-30 18:32:23.012 [info] fatal: not a git repository (or any parent up to mount point /)
Stopping at filesystem boundary (GIT_DISCOVERY_ACROSS_FILESYSTEM not set).
2024-09-30 18:32:46.463 [info] > git rev-parse --show-toplevel [1ms]
2024-09-30 18:32:46.463 [info] fatal: not a git repository (or any parent up to mount point /)
Stopping at filesystem boundary (GIT_DISCOVERY_ACROSS_FILESYSTEM not set).
2024-09-30 18:33:06.031 [info] > git rev-parse --show-toplevel [1ms]
2024-09-30 18:33:06.031 [info] fatal: not a git repository (or any parent up to mount point /)
Stopping at filesystem boundary (GIT_DISCOVERY_ACROSS_FILESYSTEM not set).
2024-09-30 18:33:45.806 [info] > git rev-parse --show-toplevel [1ms]
2024-09-30 18:33:45.806 [info] fatal: not a git repository (or any parent up to mount point /)
Stopping at filesystem boundary (GIT_DISCOVERY_ACROSS_FILESYSTEM not set).
2024-09-30 18:33:54.089 [info] > git rev-parse --show-toplevel [2ms]
2024-09-30 18:33:54.089 [info] fatal: not a git repository (or any parent up to mount point /)
Stopping at filesystem boundary (GIT_DISCOVERY_ACROSS_FILESYSTEM not set).
2024-09-30 18:34:01.431 [info] > git rev-parse --show-toplevel [2ms]
2024-09-30 18:34:01.431 [info] fatal: not a git repository (or any parent up to mount point /)
Stopping at filesystem boundary (GIT_DISCOVERY_ACROSS_FILESYSTEM not set).
2024-09-30 18:34:11.305 [info] > git rev-parse --show-toplevel [1ms]
2024-09-30 18:34:11.305 [info] fatal: not a git repository (or any parent up to mount point /)
Stopping at filesystem boundary (GIT_DISCOVERY_ACROSS_FILESYSTEM not set).
2024-09-30 18:34:19.851 [info] > git rev-parse --show-toplevel [2ms]
2024-09-30 18:34:19.851 [info] fatal: not a git repository (or any parent up to mount point /)
Stopping at filesystem boundary (GIT_DISCOVERY_ACROSS_FILESYSTEM not set).
2024-09-30 18:34:23.807 [info] > git rev-parse --show-toplevel [3ms]
2024-09-30 18:34:23.807 [info] fatal: not a git repository (or any parent up to mount point /)
Stopping at filesystem boundary (GIT_DISCOVERY_ACROSS_FILESYSTEM not set).
2024-09-30 18:34:24.550 [info] > git rev-parse --show-toplevel [1ms]
2024-09-30 18:34:24.550 [info] fatal: not a git repository (or any parent up to mount point /)
Stopping at filesystem boundary (GIT_DISCOVERY_ACROSS_FILESYSTEM not set).
2024-09-30 18:34:26.411 [info] > git rev-parse --show-toplevel [2ms]
2024-09-30 18:34:26.411 [info] fatal: not a git repository (or any parent up to mount point /)
Stopping at filesystem boundary (GIT_DISCOVERY_ACROSS_FILESYSTEM not set).
